Drill report for D:\Program Files\KiCad\share\kicad\projects\3dprinter_brightness\GardenGate\GardenGate\GardenGate_Mouser.kicad_pcb
Created on 19-07-2021 22:29:34

Copper Layer Stackup:
    =============================================================
    L1 :  F.Cu                      front
    L2 :  B.Cu                      back


Drill file 'GardenGate_Mouser-PTH.drl' contains
    plated through holes:
    =============================================================
    T1  0,400mm  0,0157"  (71 holes)
    T2  0,600mm  0,0236"  (6 holes)
    T3  1,020mm  0,0402"  (2 holes)
    T4  1,100mm  0,0433"  (6 holes)
    T5  1,300mm  0,0512"  (6 holes)
    T6  1,750mm  0,0689"  (8 holes)
    T7  3,450mm  0,1358"  (2 holes)

    Total plated holes count 101


Drill file 'GardenGate_Mouser-NPTH.drl' contains
    unplated through holes:
    =============================================================

    Total unplated holes count 0
