## Footprint report - date 07/30/21 18:32:32
## Created by Pcbnew version kicad (5.1.10)-1
## Unit = mm, Angle = deg.

$BeginDESCRIPTION

$BOARD
upper_left_corner -9.003571 -1.257500
lower_right_corner 226.777248 138.109277
$EndBOARD

$MODULE "J4"
reference "J4"
value "2464"
footprint "SamacSys Pretty:2464"
attribut none
position 146.761200 106.070400  orientation 0.00
layer front
$PAD "MH2"
Shape Circle Layer both
position -0.415000 -15.300000  size  5.175000  5.175000  orientation 0.00
drill  3.450000
shape_offset  0.000000  0.000000
$EndPAD
$PAD "MH1"
Shape Circle Layer both
position -0.415000 14.550000  size  5.175000  5.175000  orientation 0.00
drill  3.450000
shape_offset  0.000000  0.000000
$EndPAD
$PAD "2"
Shape Circle Layer both
position 26.005000 14.550000  size  2.000000  2.000000  orientation 0.00
drill  1.200000
shape_offset  0.000000  0.000000
$EndPAD
$PAD "1"
Shape Circle Layer both
position 26.005000  1.850000  size  2.000000  2.000000  orientation 0.00
drill  1.200000
shape_offset  0.000000  0.000000
$EndPAD
$EndMODULE  J4

$MODULE "LED3"
reference "LED3"
value "LTST-C171YKT (Yellow)"
footprint "KOCH_GardenGate:GardenGateLED"
attribut smd
position 109.067600 90.830400  orientation 0.00
layer front
$PAD "2"
Shape Rect Layer front
position  1.524000  0.000000  size  1.100000  1.250000  orientation 0.00
drill  0.000000
shape_offset  0.000000  0.000000
$EndPAD
$PAD "1"
Shape Rect Layer front
position -0.950000  0.000000  size  1.100000  1.250000  orientation 0.00
drill  0.000000
shape_offset  0.000000  0.000000
$EndPAD
$EndMODULE  LED3

$MODULE "LED2"
reference "LED2"
value "LTST-C171YKT (Yellow)"
footprint "KOCH_GardenGate:GardenGateLED"
attribut smd
position 196.291200 112.826800  orientation 0.00
layer front
$PAD "2"
Shape Rect Layer front
position  1.524000  0.000000  size  1.100000  1.250000  orientation 0.00
drill  0.000000
shape_offset  0.000000  0.000000
$EndPAD
$PAD "1"
Shape Rect Layer front
position -0.950000  0.000000  size  1.100000  1.250000  orientation 0.00
drill  0.000000
shape_offset  0.000000  0.000000
$EndPAD
$EndMODULE  LED2

$MODULE "LED1"
reference "LED1"
value "LTST-C171KRKT (Red)"
footprint "KOCH_GardenGate:GardenGateLED"
attribut smd
position 196.138800 99.364800  orientation 0.00
layer front
$PAD "2"
Shape Rect Layer front
position  1.524000  0.000000  size  1.100000  1.250000  orientation 0.00
drill  0.000000
shape_offset  0.000000  0.000000
$EndPAD
$PAD "1"
Shape Rect Layer front
position -0.950000  0.000000  size  1.100000  1.250000  orientation 0.00
drill  0.000000
shape_offset  0.000000  0.000000
$EndPAD
$EndMODULE  LED1

$MODULE "REF**"
reference "REF**"
value "KOCH Engineering Logo"
footprint "KOCH Engineering Logo"
attribut none
position  0.000000  0.000000  orientation 0.00
layer front
$EndMODULE  REF**

$MODULE "R15"
reference "R15"
value "270R"
footprint "SamacSys Pretty:RESC2012X60N"
attribut smd
position 201.676000 105.918000  orientation 90.00
layer front
$PAD "2"
Shape Rect Layer front
position  0.950000  0.000000  size  0.950000  1.400000  orientation 0.00
drill  0.000000
shape_offset  0.000000  0.000000
$EndPAD
$PAD "1"
Shape Rect Layer front
position -0.950000  0.000000  size  0.950000  1.400000  orientation 0.00
drill  0.000000
shape_offset  0.000000  0.000000
$EndPAD
$EndMODULE  R15

$MODULE "R14"
reference "R14"
value "100R"
footprint "SamacSys Pretty:RESC2012X60N"
attribut smd
position 101.600000 113.030000  orientation 180.00
layer front
$PAD "2"
Shape Rect Layer front
position  0.950000  0.000000  size  0.950000  1.400000  orientation 0.00
drill  0.000000
shape_offset  0.000000  0.000000
$EndPAD
$PAD "1"
Shape Rect Layer front
position -0.950000  0.000000  size  0.950000  1.400000  orientation 0.00
drill  0.000000
shape_offset  0.000000  0.000000
$EndPAD
$EndMODULE  R14

$MODULE "R10"
reference "R10"
value "10K"
footprint "SamacSys Pretty:RESC2012X60N"
attribut smd
position 97.129600 113.334800  orientation 270.00
layer front
$PAD "2"
Shape Rect Layer front
position  0.950000  0.000000  size  0.950000  1.400000  orientation 0.00
drill  0.000000
shape_offset  0.000000  0.000000
$EndPAD
$PAD "1"
Shape Rect Layer front
position -0.950000  0.000000  size  0.950000  1.400000  orientation 0.00
drill  0.000000
shape_offset  0.000000  0.000000
$EndPAD
$EndMODULE  R10

$MODULE "R9"
reference "R9"
value "470R"
footprint "SamacSys Pretty:RESC2012X60N"
attribut smd
position 186.182000 92.964000  orientation 0.00
layer front
$PAD "2"
Shape Rect Layer front
position  0.950000  0.000000  size  0.950000  1.400000  orientation 0.00
drill  0.000000
shape_offset  0.000000  0.000000
$EndPAD
$PAD "1"
Shape Rect Layer front
position -0.950000  0.000000  size  0.950000  1.400000  orientation 0.00
drill  0.000000
shape_offset  0.000000  0.000000
$EndPAD
$EndMODULE  R9

$MODULE "R8"
reference "R8"
value "470R"
footprint "SamacSys Pretty:RESC2012X60N"
attribut smd
position 179.832000 92.964000  orientation 180.00
layer front
$PAD "2"
Shape Rect Layer front
position  0.950000  0.000000  size  0.950000  1.400000  orientation 0.00
drill  0.000000
shape_offset  0.000000  0.000000
$EndPAD
$PAD "1"
Shape Rect Layer front
position -0.950000  0.000000  size  0.950000  1.400000  orientation 0.00
drill  0.000000
shape_offset  0.000000  0.000000
$EndPAD
$EndMODULE  R8

$MODULE "R7"
reference "R7"
value "470R"
footprint "SamacSys Pretty:RESC2012X60N"
attribut smd
position 187.706000 87.884000  orientation 180.00
layer front
$PAD "2"
Shape Rect Layer front
position  0.950000  0.000000  size  0.950000  1.400000  orientation 0.00
drill  0.000000
shape_offset  0.000000  0.000000
$EndPAD
$PAD "1"
Shape Rect Layer front
position -0.950000  0.000000  size  0.950000  1.400000  orientation 0.00
drill  0.000000
shape_offset  0.000000  0.000000
$EndPAD
$EndMODULE  R7

$MODULE "R6"
reference "R6"
value "470R"
footprint "SamacSys Pretty:RESC2012X60N"
attribut smd
position 187.706000 83.566000  orientation 180.00
layer front
$PAD "2"
Shape Rect Layer front
position  0.950000  0.000000  size  0.950000  1.400000  orientation 0.00
drill  0.000000
shape_offset  0.000000  0.000000
$EndPAD
$PAD "1"
Shape Rect Layer front
position -0.950000  0.000000  size  0.950000  1.400000  orientation 0.00
drill  0.000000
shape_offset  0.000000  0.000000
$EndPAD
$EndMODULE  R6

$MODULE "R5"
reference "R5"
value "10K"
footprint "SamacSys Pretty:RESC2012X60N"
attribut smd
position 101.600000 98.298000  orientation 0.00
layer front
$PAD "2"
Shape Rect Layer front
position  0.950000  0.000000  size  0.950000  1.400000  orientation 0.00
drill  0.000000
shape_offset  0.000000  0.000000
$EndPAD
$PAD "1"
Shape Rect Layer front
position -0.950000  0.000000  size  0.950000  1.400000  orientation 0.00
drill  0.000000
shape_offset  0.000000  0.000000
$EndPAD
$EndMODULE  R5

$MODULE "R4"
reference "R4"
value "270R"
footprint "SamacSys Pretty:RESC2012X60N"
attribut smd
position 191.770000 85.786000  orientation 270.00
layer front
$PAD "2"
Shape Rect Layer front
position  0.950000  0.000000  size  0.950000  1.400000  orientation 0.00
drill  0.000000
shape_offset  0.000000  0.000000
$EndPAD
$PAD "1"
Shape Rect Layer front
position -0.950000  0.000000  size  0.950000  1.400000  orientation 0.00
drill  0.000000
shape_offset  0.000000  0.000000
$EndPAD
$EndMODULE  R4

$MODULE "R1"
reference "R1"
value "270R"
footprint "SamacSys Pretty:RESC2012X60N"
attribut smd
position 114.249200 95.961200  orientation 180.00
layer front
$PAD "2"
Shape Rect Layer front
position  0.950000  0.000000  size  0.950000  1.400000  orientation 0.00
drill  0.000000
shape_offset  0.000000  0.000000
$EndPAD
$PAD "1"
Shape Rect Layer front
position -0.950000  0.000000  size  0.950000  1.400000  orientation 0.00
drill  0.000000
shape_offset  0.000000  0.000000
$EndPAD
$EndMODULE  R1

$MODULE "K4"
reference "K4"
value "G3VM-61VY2"
footprint "SamacSys Pretty:SOP254P700X230-4N"
attribut smd
position 111.753320 109.301118  orientation 0.00
layer front
$PAD "4"
Shape Rect Layer front
position  3.250000 -1.270000  size  0.650000  1.650000  orientation 90.00
drill  0.000000
shape_offset  0.000000  0.000000
$EndPAD
$PAD "3"
Shape Rect Layer front
position  3.250000  1.270000  size  0.650000  1.650000  orientation 90.00
drill  0.000000
shape_offset  0.000000  0.000000
$EndPAD
$PAD "2"
Shape Rect Layer front
position -3.250000  1.270000  size  0.650000  1.650000  orientation 90.00
drill  0.000000
shape_offset  0.000000  0.000000
$EndPAD
$PAD "1"
Shape Rect Layer front
position -3.250000 -1.270000  size  0.650000  1.650000  orientation 90.00
drill  0.000000
shape_offset  0.000000  0.000000
$EndPAD
$EndMODULE  K4

$MODULE "K3"
reference "K3"
value "G3VM-61VY2"
footprint "SamacSys Pretty:SOP254P700X230-4N"
attribut smd
position 111.753320 114.127118  orientation 0.00
layer front
$PAD "4"
Shape Rect Layer front
position  3.250000 -1.270000  size  0.650000  1.650000  orientation 90.00
drill  0.000000
shape_offset  0.000000  0.000000
$EndPAD
$PAD "3"
Shape Rect Layer front
position  3.250000  1.270000  size  0.650000  1.650000  orientation 90.00
drill  0.000000
shape_offset  0.000000  0.000000
$EndPAD
$PAD "2"
Shape Rect Layer front
position -3.250000  1.270000  size  0.650000  1.650000  orientation 90.00
drill  0.000000
shape_offset  0.000000  0.000000
$EndPAD
$PAD "1"
Shape Rect Layer front
position -3.250000 -1.270000  size  0.650000  1.650000  orientation 90.00
drill  0.000000
shape_offset  0.000000  0.000000
$EndPAD
$EndMODULE  K3

$MODULE "K2"
reference "K2"
value "G3VM-61VY2"
footprint "SamacSys Pretty:SOP254P700X230-4N"
attribut smd
position 111.753320 118.953118  orientation 0.00
layer front
$PAD "4"
Shape Rect Layer front
position  3.250000 -1.270000  size  0.650000  1.650000  orientation 90.00
drill  0.000000
shape_offset  0.000000  0.000000
$EndPAD
$PAD "3"
Shape Rect Layer front
position  3.250000  1.270000  size  0.650000  1.650000  orientation 90.00
drill  0.000000
shape_offset  0.000000  0.000000
$EndPAD
$PAD "2"
Shape Rect Layer front
position -3.250000  1.270000  size  0.650000  1.650000  orientation 90.00
drill  0.000000
shape_offset  0.000000  0.000000
$EndPAD
$PAD "1"
Shape Rect Layer front
position -3.250000 -1.270000  size  0.650000  1.650000  orientation 90.00
drill  0.000000
shape_offset  0.000000  0.000000
$EndPAD
$EndMODULE  K2

$MODULE "K1"
reference "K1"
value "G3VM-61VY2"
footprint "SamacSys Pretty:SOP254P700X230-4N"
attribut smd
position 111.753320 123.779118  orientation 0.00
layer front
$PAD "4"
Shape Rect Layer front
position  3.250000 -1.270000  size  0.650000  1.650000  orientation 90.00
drill  0.000000
shape_offset  0.000000  0.000000
$EndPAD
$PAD "3"
Shape Rect Layer front
position  3.250000  1.270000  size  0.650000  1.650000  orientation 90.00
drill  0.000000
shape_offset  0.000000  0.000000
$EndPAD
$PAD "2"
Shape Rect Layer front
position -3.250000  1.270000  size  0.650000  1.650000  orientation 90.00
drill  0.000000
shape_offset  0.000000  0.000000
$EndPAD
$PAD "1"
Shape Rect Layer front
position -3.250000 -1.270000  size  0.650000  1.650000  orientation 90.00
drill  0.000000
shape_offset  0.000000  0.000000
$EndPAD
$EndMODULE  K1

$MODULE "JP2"
reference "JP2"
value "61300211121"
footprint "SamacSys Pretty:HDRV2W110P0X254_1X2_508X254X854P"
attribut none
position 200.660000 114.554000  orientation 90.00
layer front
$PAD "2"
Shape Circle Layer both
position  2.540000  0.000000  size  1.950000  1.950000  orientation 0.00
drill  1.300000
shape_offset  0.000000  0.000000
$EndPAD
$PAD "1"
Shape Rect Layer both
position  0.000000  0.000000  size  1.950000  1.950000  orientation 0.00
drill  1.300000
shape_offset  0.000000  0.000000
$EndPAD
$EndMODULE  JP2

$MODULE "JP1"
reference "JP1"
value "61300211121"
footprint "SamacSys Pretty:HDRV2W110P0X254_1X2_508X254X854P"
attribut none
position 200.660000 99.568000  orientation 90.00
layer front
$PAD "2"
Shape Circle Layer both
position  2.540000  0.000000  size  1.950000  1.950000  orientation 0.00
drill  1.300000
shape_offset  0.000000  0.000000
$EndPAD
$PAD "1"
Shape Rect Layer both
position  0.000000  0.000000  size  1.950000  1.950000  orientation 0.00
drill  1.300000
shape_offset  0.000000  0.000000
$EndPAD
$EndMODULE  JP1

$MODULE "JP3"
reference "JP3"
value "61300211121"
footprint "SamacSys Pretty:HDRV2W110P0X254_1X2_508X254X854P"
attribut none
position 113.792000 92.354400  orientation 90.00
layer front
$PAD "2"
Shape Circle Layer both
position  2.540000  0.000000  size  1.950000  1.950000  orientation 0.00
drill  1.300000
shape_offset  0.000000  0.000000
$EndPAD
$PAD "1"
Shape Rect Layer both
position  0.000000  0.000000  size  1.950000  1.950000  orientation 0.00
drill  1.300000
shape_offset  0.000000  0.000000
$EndPAD
$EndMODULE  JP3

$MODULE "J3"
reference "J3"
value "61300611121"
footprint "SamacSys Pretty:HDRV6W64P0X254_1X6_1524X254X869P"
attribut none
position 96.774000 96.520000  orientation 270.00
layer front
$PAD "6"
Shape Circle Layer both
position 12.700000  0.000000  size  1.650000  1.650000  orientation 0.00
drill  1.100000
shape_offset  0.000000  0.000000
$EndPAD
$PAD "5"
Shape Circle Layer both
position 10.160000  0.000000  size  1.650000  1.650000  orientation 0.00
drill  1.100000
shape_offset  0.000000  0.000000
$EndPAD
$PAD "4"
Shape Circle Layer both
position  7.620000  0.000000  size  1.650000  1.650000  orientation 0.00
drill  1.100000
shape_offset  0.000000  0.000000
$EndPAD
$PAD "3"
Shape Circle Layer both
position  5.080000  0.000000  size  1.650000  1.650000  orientation 0.00
drill  1.100000
shape_offset  0.000000  0.000000
$EndPAD
$PAD "2"
Shape Circle Layer both
position  2.540000  0.000000  size  1.650000  1.650000  orientation 0.00
drill  1.100000
shape_offset  0.000000  0.000000
$EndPAD
$PAD "1"
Shape Rect Layer both
position  0.000000  0.000000  size  1.650000  1.650000  orientation 0.00
drill  1.100000
shape_offset  0.000000  0.000000
$EndPAD
$EndMODULE  J3

$MODULE "IC1"
reference "IC1"
value "PIC12F1822-I_SN"
footprint "SamacSys Pretty:SOIC127P600X175-8N"
attribut smd
position 112.261320 103.713118  orientation 0.00
layer front
$PAD "8"
Shape Rect Layer front
position  2.700000 -1.905000  size  0.650000  1.500000  orientation 90.00
drill  0.000000
shape_offset  0.000000  0.000000
$EndPAD
$PAD "7"
Shape Rect Layer front
position  2.700000 -0.635000  size  0.650000  1.500000  orientation 90.00
drill  0.000000
shape_offset  0.000000  0.000000
$EndPAD
$PAD "6"
Shape Rect Layer front
position  2.700000  0.635000  size  0.650000  1.500000  orientation 90.00
drill  0.000000
shape_offset  0.000000  0.000000
$EndPAD
$PAD "5"
Shape Rect Layer front
position  2.700000  1.905000  size  0.650000  1.500000  orientation 90.00
drill  0.000000
shape_offset  0.000000  0.000000
$EndPAD
$PAD "4"
Shape Rect Layer front
position -2.700000  1.905000  size  0.650000  1.500000  orientation 90.00
drill  0.000000
shape_offset  0.000000  0.000000
$EndPAD
$PAD "3"
Shape Rect Layer front
position -2.700000  0.635000  size  0.650000  1.500000  orientation 90.00
drill  0.000000
shape_offset  0.000000  0.000000
$EndPAD
$PAD "2"
Shape Rect Layer front
position -2.700000 -0.635000  size  0.650000  1.500000  orientation 90.00
drill  0.000000
shape_offset  0.000000  0.000000
$EndPAD
$PAD "1"
Shape Rect Layer front
position -2.700000 -1.905000  size  0.650000  1.500000  orientation 90.00
drill  0.000000
shape_offset  0.000000  0.000000
$EndPAD
$EndMODULE  IC1

$MODULE "D1"
reference "D1"
value "SD0805S040S0R5"
footprint "SamacSys Pretty:SD0805"
attribut smd
position 106.934000 97.028000  orientation 0.00
layer front
$PAD "2"
Shape Rect Layer front
position  1.050000  0.000000  size  0.800000  0.900000  orientation 0.00
drill  0.000000
shape_offset  0.000000  0.000000
$EndPAD
$PAD "1"
Shape Rect Layer front
position -1.050000  0.000000  size  0.800000  0.900000  orientation 0.00
drill  0.000000
shape_offset  0.000000  0.000000
$EndPAD
$EndMODULE  D1

$MODULE "C6"
reference "C6"
value "100nF"
footprint "SamacSys Pretty:CAPC2012X88N"
attribut smd
position 179.832000 87.884000  orientation 180.00
layer front
$PAD "2"
Shape Rect Layer front
position  0.800000  0.000000  size  1.020000  1.470000  orientation 0.00
drill  0.000000
shape_offset  0.000000  0.000000
$EndPAD
$PAD "1"
Shape Rect Layer front
position -0.800000  0.000000  size  1.020000  1.470000  orientation 0.00
drill  0.000000
shape_offset  0.000000  0.000000
$EndPAD
$EndMODULE  C6

$MODULE "C5"
reference "C5"
value "100nF"
footprint "SamacSys Pretty:CAPC2012X88N"
attribut smd
position 201.676000 119.634000  orientation 270.00
layer front
$PAD "2"
Shape Rect Layer front
position  0.800000  0.000000  size  1.020000  1.470000  orientation 0.00
drill  0.000000
shape_offset  0.000000  0.000000
$EndPAD
$PAD "1"
Shape Rect Layer front
position -0.800000  0.000000  size  1.020000  1.470000  orientation 0.00
drill  0.000000
shape_offset  0.000000  0.000000
$EndPAD
$EndMODULE  C5

$MODULE "C4"
reference "C4"
value "100nF"
footprint "SamacSys Pretty:CAPC2012X88N"
attribut smd
position 114.350800 99.364800  orientation 0.00
layer front
$PAD "2"
Shape Rect Layer front
position  0.800000  0.000000  size  1.020000  1.470000  orientation 0.00
drill  0.000000
shape_offset  0.000000  0.000000
$EndPAD
$PAD "1"
Shape Rect Layer front
position -0.800000  0.000000  size  1.020000  1.470000  orientation 0.00
drill  0.000000
shape_offset  0.000000  0.000000
$EndPAD
$EndMODULE  C4

$MODULE "C3"
reference "C3"
value "100nF"
footprint "SamacSys Pretty:CAPC2012X88N"
attribut smd
position 109.728000 93.065600  orientation 180.00
layer front
$PAD "2"
Shape Rect Layer front
position  0.800000  0.000000  size  1.020000  1.470000  orientation 0.00
drill  0.000000
shape_offset  0.000000  0.000000
$EndPAD
$PAD "1"
Shape Rect Layer front
position -0.800000  0.000000  size  1.020000  1.470000  orientation 0.00
drill  0.000000
shape_offset  0.000000  0.000000
$EndPAD
$EndMODULE  C3

$MODULE "C2"
reference "C2"
value "1uF"
footprint "SamacSys Pretty:CAPC2012X135N"
attribut smd
position 188.214000 121.412000  orientation 0.00
layer front
$PAD "2"
Shape Rect Layer front
position  0.790000  0.000000  size  0.960000  1.390000  orientation 0.00
drill  0.000000
shape_offset  0.000000  0.000000
$EndPAD
$PAD "1"
Shape Rect Layer front
position -0.790000  0.000000  size  0.960000  1.390000  orientation 0.00
drill  0.000000
shape_offset  0.000000  0.000000
$EndPAD
$EndMODULE  C2

$MODULE "C1"
reference "C1"
value "100nF"
footprint "SamacSys Pretty:CAPC2012X88N"
attribut smd
position 180.594000 123.952000  orientation 0.00
layer front
$PAD "2"
Shape Rect Layer front
position  0.800000  0.000000  size  1.020000  1.470000  orientation 0.00
drill  0.000000
shape_offset  0.000000  0.000000
$EndPAD
$PAD "1"
Shape Rect Layer front
position -0.800000  0.000000  size  1.020000  1.470000  orientation 0.00
drill  0.000000
shape_offset  0.000000  0.000000
$EndPAD
$EndMODULE  C1

$MODULE "U2"
reference "U2"
value "DRV5032AJDBZR"
footprint "TO_SOT_Packages_THT:TO-92_Molded_Narrow"
attribut none
position 178.809320 83.647118  orientation 0.00
layer front
$PAD "2"
Shape Circle Layer both
position  1.270000 -1.270000  size  1.000000  1.000000  orientation 90.00
drill  0.600000
shape_offset  0.000000  0.000000
$EndPAD
$PAD "3"
Shape Circle Layer both
position  2.540000  0.000000  size  1.000000  1.000000  orientation 90.00
drill  0.600000
shape_offset  0.000000  0.000000
$EndPAD
$PAD "1"
Shape Rect Layer both
position  0.000000  0.000000  size  1.000000  1.000000  orientation 90.00
drill  0.600000
shape_offset  0.000000  0.000000
$EndPAD
$EndMODULE  U2

$MODULE "U1"
reference "U1"
value "DRV5032AJDBZR"
footprint "TO_SOT_Packages_THT:TO-92_Molded_Narrow"
attribut none
position 181.349320 128.351118  orientation 180.00
layer front
$PAD "2"
Shape Circle Layer both
position  1.270000 -1.270000  size  1.000000  1.000000  orientation 90.00
drill  0.600000
shape_offset  0.000000  0.000000
$EndPAD
$PAD "3"
Shape Circle Layer both
position  2.540000  0.000000  size  1.000000  1.000000  orientation 90.00
drill  0.600000
shape_offset  0.000000  0.000000
$EndPAD
$PAD "1"
Shape Rect Layer both
position  0.000000  0.000000  size  1.000000  1.000000  orientation 90.00
drill  0.600000
shape_offset  0.000000  0.000000
$EndPAD
$EndMODULE  U1

$MODULE "J2"
reference "J2"
value "1841513"
footprint "SHDR8W110P935X350_2X4_1550X1800X2440P"
attribut none
position 180.086000 100.330000  orientation 0.00
layer front
$PAD "1"
Shape Rect Layer both
position  0.000000  0.000000  size  2.625000  2.625000  orientation 0.00
drill  1.750000
shape_offset  0.000000  0.000000
$EndPAD
$PAD "2"
Shape Circle Layer both
position  0.000000  9.350000  size  2.625000  2.625000  orientation 0.00
drill  1.750000
shape_offset  0.000000  0.000000
$EndPAD
$PAD "3"
Shape Circle Layer both
position  3.500000  0.000000  size  2.625000  2.625000  orientation 0.00
drill  1.750000
shape_offset  0.000000  0.000000
$EndPAD
$PAD "4"
Shape Circle Layer both
position  3.500000  9.350000  size  2.625000  2.625000  orientation 0.00
drill  1.750000
shape_offset  0.000000  0.000000
$EndPAD
$PAD "5"
Shape Circle Layer both
position  7.000000  0.000000  size  2.625000  2.625000  orientation 0.00
drill  1.750000
shape_offset  0.000000  0.000000
$EndPAD
$PAD "6"
Shape Circle Layer both
position  7.000000  9.350000  size  2.625000  2.625000  orientation 0.00
drill  1.750000
shape_offset  0.000000  0.000000
$EndPAD
$PAD "7"
Shape Circle Layer both
position 10.500000  0.000000  size  2.625000  2.625000  orientation 0.00
drill  1.750000
shape_offset  0.000000  0.000000
$EndPAD
$PAD "8"
Shape Circle Layer both
position 10.500000  9.350000  size  2.625000  2.625000  orientation 0.00
drill  1.750000
shape_offset  0.000000  0.000000
$EndPAD
$EndMODULE  J2

$MODULE "TP1+"
reference "TP1+"
value "TestPoint"
footprint "Test Points:TestPoint_Pad_D3.0mm"
attribut virtual
position 190.500000 93.472000  orientation 0.00
layer front
$PAD "1"
Shape Circle Layer front
position  0.000000  0.000000  size  3.000000  3.000000  orientation 0.00
drill  0.000000
shape_offset  0.000000  0.000000
$EndPAD
$EndMODULE  TP1+

$MODULE "TP2-"
reference "TP2-"
value "TestPoint"
footprint "Test Points:TestPoint_Pad_D3.0mm"
attribut virtual
position 183.388000 119.888000  orientation 0.00
layer front
$PAD "1"
Shape Circle Layer front
position  0.000000  0.000000  size  3.000000  3.000000  orientation 0.00
drill  0.000000
shape_offset  0.000000  0.000000
$EndPAD
$EndMODULE  TP2-

$EndDESCRIPTION
